{"C:\\Users\\iyokoya\\slf-workspace\\hit-u-bad\\20_funtions\\app\\app.js": {"path":"C:\\Users\\iyokoya\\slf-workspace\\hit-u-bad\\20_funtions\\app\\app.js","statementMap":{"0":{"start":{"line":1,"column":16},"end":{"line":1,"column":34}},"1":{"start":{"line":2,"column":19},"end":{"line":2,"column":41}},"2":{"start":{"line":3,"column":15},"end":{"line":3,"column":34}},"3":{"start":{"line":5,"column":12},"end":{"line":5,"column":21}},"4":{"start":{"line":7,"column":0},"end":{"line":7,"column":50}},"5":{"start":{"line":8,"column":0},"end":{"line":8,"column":26}},"6":{"start":{"line":10,"column":0},"end":{"line":15,"column":2}},"7":{"start":{"line":11,"column":2},"end":{"line":11,"column":48}},"8":{"start":{"line":12,"column":2},"end":{"line":12,"column":94}},"9":{"start":{"line":13,"column":2},"end":{"line":13,"column":79}},"10":{"start":{"line":14,"column":2},"end":{"line":14,"column":8}},"11":{"start":{"line":17,"column":0},"end":{"line":17,"column":20}},"12":{"start":{"line":19,"column":0},"end":{"line":19,"column":20}}},"fnMap":{"0":{"name":"(anonymous_0)","decl":{"start":{"line":10,"column":8},"end":{"line":10,"column":9}},"loc":{"start":{"line":10,"column":26},"end":{"line":15,"column":1}},"line":10}},"branchMap":{},"s":{"0":1,"1":1,"2":1,"3":1,"4":1,"5":1,"6":1,"7":1,"8":1,"9":1,"10":1,"11":1,"12":1},"f":{"0":1},"b":{},"_coverageSchema":"43e27e138ebf9cfc5966b082cf9a028302ed4184","hash":"370778b534a8b1dd391ecf120d7e5a278f3240ba"}
,"C:\\Users\\iyokoya\\slf-workspace\\hit-u-bad\\20_funtions\\app\\router.js": {"path":"C:\\Users\\iyokoya\\slf-workspace\\hit-u-bad\\20_funtions\\app\\router.js","statementMap":{"0":{"start":{"line":1,"column":16},"end":{"line":1,"column":34}},"1":{"start":{"line":2,"column":22},"end":{"line":2,"column":60}},"2":{"start":{"line":4,"column":15},"end":{"line":4,"column":31}},"3":{"start":{"line":6,"column":0},"end":{"line":6,"column":45}},"4":{"start":{"line":7,"column":0},"end":{"line":7,"column":47}},"5":{"start":{"line":8,"column":0},"end":{"line":8,"column":48}},"6":{"start":{"line":9,"column":0},"end":{"line":9,"column":50}},"7":{"start":{"line":10,"column":0},"end":{"line":10,"column":53}},"8":{"start":{"line":12,"column":0},"end":{"line":12,"column":68}},"9":{"start":{"line":13,"column":0},"end":{"line":13,"column":75}},"10":{"start":{"line":15,"column":0},"end":{"line":15,"column":60}},"11":{"start":{"line":16,"column":0},"end":{"line":16,"column":56}},"12":{"start":{"line":18,"column":0},"end":{"line":18,"column":23}}},"fnMap":{},"branchMap":{},"s":{"0":1,"1":1,"2":1,"3":1,"4":1,"5":1,"6":1,"7":1,"8":1,"9":1,"10":1,"11":1,"12":1},"f":{},"b":{},"_coverageSchema":"43e27e138ebf9cfc5966b082cf9a028302ed4184","hash":"8321a0743b5703f0a04dbfc42074b10e0f49d80f"}
,"C:\\Users\\iyokoya\\slf-workspace\\hit-u-bad\\20_funtions\\app\\util.js": {"path":"C:\\Users\\iyokoya\\slf-workspace\\hit-u-bad\\20_funtions\\app\\util.js","statementMap":{"0":{"start":{"line":1,"column":13},"end":{"line":1,"column":15}},"1":{"start":{"line":3,"column":20},"end":{"line":6,"column":1}},"2":{"start":{"line":4,"column":2},"end":{"line":4,"column":78}},"3":{"start":{"line":5,"column":2},"end":{"line":5,"column":13}},"4":{"start":{"line":7,"column":15},"end":{"line":9,"column":1}},"5":{"start":{"line":8,"column":2},"end":{"line":8,"column":31}},"6":{"start":{"line":11,"column":0},"end":{"line":18,"column":1}},"7":{"start":{"line":12,"column":2},"end":{"line":12,"column":26}},"8":{"start":{"line":13,"column":2},"end":{"line":17,"column":34}},"9":{"start":{"line":20,"column":0},"end":{"line":23,"column":1}},"10":{"start":{"line":21,"column":2},"end":{"line":21,"column":26}},"11":{"start":{"line":22,"column":2},"end":{"line":22,"column":57}},"12":{"start":{"line":25,"column":0},"end":{"line":25,"column":21}}},"fnMap":{"0":{"name":"(anonymous_0)","decl":{"start":{"line":3,"column":20},"end":{"line":3,"column":21}},"loc":{"start":{"line":3,"column":30},"end":{"line":6,"column":1}},"line":3},"1":{"name":"(anonymous_1)","decl":{"start":{"line":7,"column":15},"end":{"line":7,"column":16}},"loc":{"start":{"line":7,"column":24},"end":{"line":9,"column":1}},"line":7},"2":{"name":"(anonymous_2)","decl":{"start":{"line":11,"column":21},"end":{"line":11,"column":22}},"loc":{"start":{"line":11,"column":31},"end":{"line":18,"column":1}},"line":11},"3":{"name":"(anonymous_3)","decl":{"start":{"line":20,"column":22},"end":{"line":20,"column":23}},"loc":{"start":{"line":20,"column":32},"end":{"line":23,"column":1}},"line":20}},"branchMap":{},"s":{"0":1,"1":1,"2":4,"3":4,"4":1,"5":16,"6":1,"7":4,"8":4,"9":1,"10":0,"11":0,"12":1},"f":{"0":4,"1":16,"2":4,"3":0},"b":{},"_coverageSchema":"43e27e138ebf9cfc5966b082cf9a028302ed4184","hash":"4b5826a4ded46b2b64a3e8ab121fe2f40380127a"}
,"C:\\Users\\iyokoya\\slf-workspace\\hit-u-bad\\20_funtions\\app\\config\\index.js": {"path":"C:\\Users\\iyokoya\\slf-workspace\\hit-u-bad\\20_funtions\\app\\config\\index.js","statementMap":{"0":{"start":{"line":1,"column":18},"end":{"line":1,"column":47}},"1":{"start":{"line":3,"column":24},"end":{"line":3,"column":42}},"2":{"start":{"line":4,"column":15},"end":{"line":6,"column":1}},"3":{"start":{"line":8,"column":0},"end":{"line":12,"column":1}},"4":{"start":{"line":9,"column":2},"end":{"line":9,"column":53}},"5":{"start":{"line":10,"column":7},"end":{"line":12,"column":1}},"6":{"start":{"line":11,"column":2},"end":{"line":11,"column":53}},"7":{"start":{"line":14,"column":0},"end":{"line":14,"column":23}}},"fnMap":{},"branchMap":{"0":{"loc":{"start":{"line":8,"column":0},"end":{"line":12,"column":1}},"type":"if","locations":[{"start":{"line":8,"column":0},"end":{"line":12,"column":1}},{"start":{"line":8,"column":0},"end":{"line":12,"column":1}}],"line":8},"1":{"loc":{"start":{"line":10,"column":7},"end":{"line":12,"column":1}},"type":"if","locations":[{"start":{"line":10,"column":7},"end":{"line":12,"column":1}},{"start":{"line":10,"column":7},"end":{"line":12,"column":1}}],"line":10}},"s":{"0":1,"1":1,"2":1,"3":1,"4":1,"5":0,"6":0,"7":1},"f":{},"b":{"0":[1,0],"1":[0,0]},"_coverageSchema":"43e27e138ebf9cfc5966b082cf9a028302ed4184","hash":"198b7ef6d0b61e1bf90f32ca0c089d58b26c9387"}
,"C:\\Users\\iyokoya\\slf-workspace\\hit-u-bad\\20_funtions\\app\\controllers\\bbsController.js": {"path":"C:\\Users\\iyokoya\\slf-workspace\\hit-u-bad\\20_funtions\\app\\controllers\\bbsController.js","statementMap":{"0":{"start":{"line":1,"column":17},"end":{"line":1,"column":41}},"1":{"start":{"line":2,"column":23},"end":{"line":2,"column":53}},"2":{"start":{"line":3,"column":25},"end":{"line":3,"column":57}},"3":{"start":{"line":4,"column":13},"end":{"line":4,"column":31}},"4":{"start":{"line":5,"column":19},"end":{"line":5,"column":21}},"5":{"start":{"line":7,"column":0},"end":{"line":26,"column":1}},"6":{"start":{"line":8,"column":14},"end":{"line":8,"column":34}},"7":{"start":{"line":10,"column":15},"end":{"line":10,"column":17}},"8":{"start":{"line":11,"column":2},"end":{"line":11,"column":32}},"9":{"start":{"line":12,"column":2},"end":{"line":12,"column":33}},"10":{"start":{"line":13,"column":2},"end":{"line":13,"column":34}},"11":{"start":{"line":14,"column":2},"end":{"line":14,"column":35}},"12":{"start":{"line":15,"column":2},"end":{"line":15,"column":20}},"13":{"start":{"line":16,"column":2},"end":{"line":16,"column":22}},"14":{"start":{"line":17,"column":2},"end":{"line":17,"column":22}},"15":{"start":{"line":19,"column":13},"end":{"line":19,"column":40}},"16":{"start":{"line":20,"column":2},"end":{"line":20,"column":74}},"17":{"start":{"line":22,"column":2},"end":{"line":25,"column":4}},"18":{"start":{"line":28,"column":0},"end":{"line":34,"column":1}},"19":{"start":{"line":29,"column":13},"end":{"line":29,"column":26}},"20":{"start":{"line":31,"column":2},"end":{"line":33,"column":3}},"21":{"start":{"line":36,"column":0},"end":{"line":50,"column":1}},"22":{"start":{"line":37,"column":13},"end":{"line":37,"column":26}},"23":{"start":{"line":39,"column":15},"end":{"line":39,"column":17}},"24":{"start":{"line":40,"column":2},"end":{"line":40,"column":33}},"25":{"start":{"line":41,"column":2},"end":{"line":41,"column":34}},"26":{"start":{"line":42,"column":2},"end":{"line":42,"column":35}},"27":{"start":{"line":43,"column":2},"end":{"line":43,"column":36}},"28":{"start":{"line":44,"column":2},"end":{"line":44,"column":39}},"29":{"start":{"line":46,"column":2},"end":{"line":46,"column":33}},"30":{"start":{"line":47,"column":2},"end":{"line":49,"column":4}},"31":{"start":{"line":52,"column":0},"end":{"line":66,"column":1}},"32":{"start":{"line":53,"column":16},"end":{"line":53,"column":29}},"33":{"start":{"line":54,"column":22},"end":{"line":54,"column":40}},"34":{"start":{"line":56,"column":17},"end":{"line":56,"column":42}},"35":{"start":{"line":57,"column":2},"end":{"line":65,"column":3}},"36":{"start":{"line":58,"column":4},"end":{"line":58,"column":32}},"37":{"start":{"line":59,"column":4},"end":{"line":59,"column":33}},"38":{"start":{"line":60,"column":4},"end":{"line":60,"column":33}},"39":{"start":{"line":61,"column":4},"end":{"line":61,"column":90}},"40":{"start":{"line":62,"column":4},"end":{"line":62,"column":31}},"41":{"start":{"line":64,"column":4},"end":{"line":64,"column":32}},"42":{"start":{"line":68,"column":0},"end":{"line":84,"column":1}},"43":{"start":{"line":69,"column":16},"end":{"line":69,"column":29}},"44":{"start":{"line":71,"column":15},"end":{"line":71,"column":17}},"45":{"start":{"line":72,"column":2},"end":{"line":72,"column":34}},"46":{"start":{"line":73,"column":2},"end":{"line":73,"column":35}},"47":{"start":{"line":74,"column":2},"end":{"line":74,"column":36}},"48":{"start":{"line":75,"column":2},"end":{"line":75,"column":39}},"49":{"start":{"line":76,"column":2},"end":{"line":76,"column":24}},"50":{"start":{"line":78,"column":17},"end":{"line":78,"column":42}},"51":{"start":{"line":79,"column":2},"end":{"line":79,"column":28}},"52":{"start":{"line":80,"column":21},"end":{"line":80,"column":49}},"53":{"start":{"line":81,"column":2},"end":{"line":81,"column":42}},"54":{"start":{"line":83,"column":2},"end":{"line":83,"column":29}},"55":{"start":{"line":86,"column":0},"end":{"line":101,"column":1}},"56":{"start":{"line":87,"column":16},"end":{"line":87,"column":29}},"57":{"start":{"line":88,"column":17},"end":{"line":88,"column":31}},"58":{"start":{"line":89,"column":22},"end":{"line":89,"column":40}},"59":{"start":{"line":91,"column":17},"end":{"line":91,"column":42}},"60":{"start":{"line":92,"column":2},"end":{"line":100,"column":3}},"61":{"start":{"line":93,"column":4},"end":{"line":93,"column":43}},"62":{"start":{"line":94,"column":23},"end":{"line":94,"column":52}},"63":{"start":{"line":95,"column":4},"end":{"line":95,"column":44}},"64":{"start":{"line":97,"column":4},"end":{"line":97,"column":31}},"65":{"start":{"line":99,"column":4},"end":{"line":99,"column":32}},"66":{"start":{"line":103,"column":0},"end":{"line":114,"column":1}},"67":{"start":{"line":104,"column":16},"end":{"line":104,"column":28}},"68":{"start":{"line":106,"column":16},"end":{"line":106,"column":18}},"69":{"start":{"line":107,"column":2},"end":{"line":111,"column":3}},"70":{"start":{"line":108,"column":4},"end":{"line":108,"column":38}},"71":{"start":{"line":110,"column":4},"end":{"line":110,"column":43}},"72":{"start":{"line":113,"column":2},"end":{"line":113,"column":19}},"73":{"start":{"line":116,"column":0},"end":{"line":130,"column":1}},"74":{"start":{"line":117,"column":2},"end":{"line":123,"column":3}},"75":{"start":{"line":121,"column":4},"end":{"line":121,"column":28}},"76":{"start":{"line":122,"column":4},"end":{"line":122,"column":10}},"77":{"start":{"line":125,"column":15},"end":{"line":125,"column":51}},"78":{"start":{"line":126,"column":16},"end":{"line":126,"column":52}},"79":{"start":{"line":128,"column":15},"end":{"line":128,"column":56}},"80":{"start":{"line":129,"column":2},"end":{"line":129,"column":16}},"81":{"start":{"line":132,"column":0},"end":{"line":135,"column":1}},"82":{"start":{"line":133,"column":15},"end":{"line":133,"column":43}},"83":{"start":{"line":134,"column":2},"end":{"line":134,"column":16}},"84":{"start":{"line":137,"column":0},"end":{"line":137,"column":27}}},"fnMap":{"0":{"name":"(anonymous_0)","decl":{"start":{"line":7,"column":20},"end":{"line":7,"column":21}},"loc":{"start":{"line":7,"column":40},"end":{"line":26,"column":1}},"line":7},"1":{"name":"(anonymous_1)","decl":{"start":{"line":28,"column":18},"end":{"line":28,"column":19}},"loc":{"start":{"line":28,"column":38},"end":{"line":34,"column":1}},"line":28},"2":{"name":"(anonymous_2)","decl":{"start":{"line":36,"column":20},"end":{"line":36,"column":21}},"loc":{"start":{"line":36,"column":40},"end":{"line":50,"column":1}},"line":36},"3":{"name":"(anonymous_3)","decl":{"start":{"line":52,"column":20},"end":{"line":52,"column":21}},"loc":{"start":{"line":52,"column":40},"end":{"line":66,"column":1}},"line":52},"4":{"name":"(anonymous_4)","decl":{"start":{"line":68,"column":28},"end":{"line":68,"column":29}},"loc":{"start":{"line":68,"column":48},"end":{"line":84,"column":1}},"line":68},"5":{"name":"(anonymous_5)","decl":{"start":{"line":86,"column":28},"end":{"line":86,"column":29}},"loc":{"start":{"line":86,"column":48},"end":{"line":101,"column":1}},"line":86},"6":{"name":"(anonymous_6)","decl":{"start":{"line":103,"column":19},"end":{"line":103,"column":20}},"loc":{"start":{"line":103,"column":39},"end":{"line":114,"column":1}},"line":103},"7":{"name":"(anonymous_7)","decl":{"start":{"line":116,"column":23},"end":{"line":116,"column":24}},"loc":{"start":{"line":116,"column":43},"end":{"line":130,"column":1}},"line":116},"8":{"name":"(anonymous_8)","decl":{"start":{"line":132,"column":27},"end":{"line":132,"column":28}},"loc":{"start":{"line":132,"column":47},"end":{"line":135,"column":1}},"line":132}},"branchMap":{"0":{"loc":{"start":{"line":57,"column":2},"end":{"line":65,"column":3}},"type":"if","locations":[{"start":{"line":57,"column":2},"end":{"line":65,"column":3}},{"start":{"line":57,"column":2},"end":{"line":65,"column":3}}],"line":57},"1":{"loc":{"start":{"line":92,"column":2},"end":{"line":100,"column":3}},"type":"if","locations":[{"start":{"line":92,"column":2},"end":{"line":100,"column":3}},{"start":{"line":92,"column":2},"end":{"line":100,"column":3}}],"line":92},"2":{"loc":{"start":{"line":107,"column":2},"end":{"line":111,"column":3}},"type":"if","locations":[{"start":{"line":107,"column":2},"end":{"line":111,"column":3}},{"start":{"line":107,"column":2},"end":{"line":111,"column":3}}],"line":107},"3":{"loc":{"start":{"line":117,"column":2},"end":{"line":123,"column":3}},"type":"if","locations":[{"start":{"line":117,"column":2},"end":{"line":123,"column":3}},{"start":{"line":117,"column":2},"end":{"line":123,"column":3}}],"line":117},"4":{"loc":{"start":{"line":118,"column":4},"end":{"line":119,"column":62}},"type":"binary-expr","locations":[{"start":{"line":118,"column":4},"end":{"line":118,"column":42}},{"start":{"line":119,"column":4},"end":{"line":119,"column":62}}],"line":118}},"s":{"0":1,"1":1,"2":1,"3":1,"4":1,"5":1,"6":0,"7":0,"8":0,"9":0,"10":0,"11":0,"12":0,"13":0,"14":0,"15":0,"16":0,"17":0,"18":1,"19":0,"20":0,"21":1,"22":0,"23":0,"24":0,"25":0,"26":0,"27":0,"28":0,"29":0,"30":0,"31":1,"32":0,"33":0,"34":0,"35":0,"36":0,"37":0,"38":0,"39":0,"40":0,"41":0,"42":1,"43":0,"44":0,"45":0,"46":0,"47":0,"48":0,"49":0,"50":0,"51":0,"52":0,"53":0,"54":0,"55":1,"56":0,"57":0,"58":0,"59":0,"60":0,"61":0,"62":0,"63":0,"64":0,"65":0,"66":1,"67":1,"68":1,"69":1,"70":1,"71":0,"72":1,"73":1,"74":0,"75":0,"76":0,"77":0,"78":0,"79":0,"80":0,"81":1,"82":0,"83":0,"84":1},"f":{"0":0,"1":0,"2":0,"3":0,"4":0,"5":0,"6":1,"7":0,"8":0},"b":{"0":[0,0],"1":[0,0],"2":[1,0],"3":[0,0],"4":[0,0]},"_coverageSchema":"43e27e138ebf9cfc5966b082cf9a028302ed4184","hash":"2f19580b7dd9d7bc0bda1b1a8e7061e248c0cfad"}
,"C:\\Users\\iyokoya\\slf-workspace\\hit-u-bad\\20_funtions\\app\\models\\bbs.js": {"path":"C:\\Users\\iyokoya\\slf-workspace\\hit-u-bad\\20_funtions\\app\\models\\bbs.js","statementMap":{"0":{"start":{"line":1,"column":17},"end":{"line":1,"column":54}},"1":{"start":{"line":2,"column":13},"end":{"line":2,"column":31}},"2":{"start":{"line":3,"column":23},"end":{"line":3,"column":28}},"3":{"start":{"line":5,"column":14},"end":{"line":5,"column":16}},"4":{"start":{"line":6,"column":23},"end":{"line":30,"column":1}},"5":{"start":{"line":7,"column":15},"end":{"line":7,"column":25}},"6":{"start":{"line":8,"column":2},"end":{"line":8,"column":18}},"7":{"start":{"line":9,"column":2},"end":{"line":9,"column":36}},"8":{"start":{"line":10,"column":2},"end":{"line":10,"column":36}},"9":{"start":{"line":11,"column":2},"end":{"line":11,"column":62}},"10":{"start":{"line":12,"column":2},"end":{"line":12,"column":62}},"11":{"start":{"line":13,"column":2},"end":{"line":13,"column":22}},"12":{"start":{"line":15,"column":2},"end":{"line":27,"column":3}},"13":{"start":{"line":16,"column":4},"end":{"line":23,"column":6}},"14":{"start":{"line":17,"column":6},"end":{"line":22,"column":7}},"15":{"start":{"line":18,"column":8},"end":{"line":18,"column":45}},"16":{"start":{"line":20,"column":8},"end":{"line":20,"column":77}},"17":{"start":{"line":21,"column":8},"end":{"line":21,"column":40}},"18":{"start":{"line":25,"column":4},"end":{"line":25,"column":43}},"19":{"start":{"line":26,"column":4},"end":{"line":26,"column":24}},"20":{"start":{"line":29,"column":2},"end":{"line":29,"column":13}},"21":{"start":{"line":32,"column":0},"end":{"line":35,"column":1}},"22":{"start":{"line":33,"column":14},"end":{"line":33,"column":69}},"23":{"start":{"line":34,"column":2},"end":{"line":34,"column":34}},"24":{"start":{"line":37,"column":0},"end":{"line":54,"column":1}},"25":{"start":{"line":38,"column":13},"end":{"line":38,"column":15}},"26":{"start":{"line":39,"column":2},"end":{"line":46,"column":3}},"27":{"start":{"line":40,"column":25},"end":{"line":40,"column":80}},"28":{"start":{"line":41,"column":4},"end":{"line":42,"column":89}},"29":{"start":{"line":44,"column":4},"end":{"line":45,"column":64}},"30":{"start":{"line":48,"column":12},"end":{"line":48,"column":14}},"31":{"start":{"line":49,"column":2},"end":{"line":51,"column":4}},"32":{"start":{"line":50,"column":4},"end":{"line":50,"column":33}},"33":{"start":{"line":53,"column":2},"end":{"line":53,"column":12}},"34":{"start":{"line":56,"column":0},"end":{"line":59,"column":1}},"35":{"start":{"line":57,"column":14},"end":{"line":57,"column":65}},"36":{"start":{"line":58,"column":2},"end":{"line":58,"column":15}},"37":{"start":{"line":61,"column":0},"end":{"line":64,"column":1}},"38":{"start":{"line":62,"column":2},"end":{"line":62,"column":64}},"39":{"start":{"line":63,"column":2},"end":{"line":63,"column":13}},"40":{"start":{"line":66,"column":0},"end":{"line":69,"column":1}},"41":{"start":{"line":67,"column":2},"end":{"line":67,"column":60}},"42":{"start":{"line":68,"column":2},"end":{"line":68,"column":13}},"43":{"start":{"line":71,"column":0},"end":{"line":84,"column":1}},"44":{"start":{"line":72,"column":15},"end":{"line":76,"column":29}},"45":{"start":{"line":78,"column":12},"end":{"line":78,"column":14}},"46":{"start":{"line":79,"column":2},"end":{"line":81,"column":4}},"47":{"start":{"line":80,"column":4},"end":{"line":80,"column":33}},"48":{"start":{"line":83,"column":2},"end":{"line":83,"column":12}},"49":{"start":{"line":86,"column":0},"end":{"line":86,"column":22}}},"fnMap":{"0":{"name":"(anonymous_0)","decl":{"start":{"line":6,"column":23},"end":{"line":6,"column":24}},"loc":{"start":{"line":6,"column":50},"end":{"line":30,"column":1}},"line":6},"1":{"name":"(anonymous_1)","decl":{"start":{"line":16,"column":26},"end":{"line":16,"column":27}},"loc":{"start":{"line":16,"column":36},"end":{"line":23,"column":5}},"line":16},"2":{"name":"(anonymous_2)","decl":{"start":{"line":32,"column":12},"end":{"line":32,"column":13}},"loc":{"start":{"line":32,"column":26},"end":{"line":35,"column":1}},"line":32},"3":{"name":"(anonymous_3)","decl":{"start":{"line":37,"column":16},"end":{"line":37,"column":17}},"loc":{"start":{"line":37,"column":37},"end":{"line":54,"column":1}},"line":37},"4":{"name":"(anonymous_4)","decl":{"start":{"line":49,"column":15},"end":{"line":49,"column":16}},"loc":{"start":{"line":49,"column":22},"end":{"line":51,"column":3}},"line":49},"5":{"name":"(anonymous_5)","decl":{"start":{"line":56,"column":15},"end":{"line":56,"column":16}},"loc":{"start":{"line":56,"column":31},"end":{"line":59,"column":1}},"line":56},"6":{"name":"(anonymous_6)","decl":{"start":{"line":61,"column":15},"end":{"line":61,"column":16}},"loc":{"start":{"line":61,"column":35},"end":{"line":64,"column":1}},"line":61},"7":{"name":"(anonymous_7)","decl":{"start":{"line":66,"column":15},"end":{"line":66,"column":16}},"loc":{"start":{"line":66,"column":29},"end":{"line":69,"column":1}},"line":66},"8":{"name":"(anonymous_8)","decl":{"start":{"line":71,"column":22},"end":{"line":71,"column":23}},"loc":{"start":{"line":71,"column":45},"end":{"line":84,"column":1}},"line":71},"9":{"name":"(anonymous_9)","decl":{"start":{"line":79,"column":15},"end":{"line":79,"column":16}},"loc":{"start":{"line":79,"column":22},"end":{"line":81,"column":3}},"line":79}},"branchMap":{"0":{"loc":{"start":{"line":6,"column":29},"end":{"line":6,"column":45}},"type":"default-arg","locations":[{"start":{"line":6,"column":40},"end":{"line":6,"column":45}}],"line":6},"1":{"loc":{"start":{"line":15,"column":2},"end":{"line":27,"column":3}},"type":"if","locations":[{"start":{"line":15,"column":2},"end":{"line":27,"column":3}},{"start":{"line":15,"column":2},"end":{"line":27,"column":3}}],"line":15},"2":{"loc":{"start":{"line":15,"column":6},"end":{"line":15,"column":42}},"type":"binary-expr","locations":[{"start":{"line":15,"column":6},"end":{"line":15,"column":14}},{"start":{"line":15,"column":18},"end":{"line":15,"column":42}}],"line":15},"3":{"loc":{"start":{"line":17,"column":6},"end":{"line":22,"column":7}},"type":"if","locations":[{"start":{"line":17,"column":6},"end":{"line":22,"column":7}},{"start":{"line":17,"column":6},"end":{"line":22,"column":7}}],"line":17},"4":{"loc":{"start":{"line":37,"column":23},"end":{"line":37,"column":32}},"type":"default-arg","locations":[{"start":{"line":37,"column":28},"end":{"line":37,"column":32}}],"line":37},"5":{"loc":{"start":{"line":39,"column":2},"end":{"line":46,"column":3}},"type":"if","locations":[{"start":{"line":39,"column":2},"end":{"line":46,"column":3}},{"start":{"line":39,"column":2},"end":{"line":46,"column":3}}],"line":39}},"s":{"0":1,"1":1,"2":1,"3":1,"4":1,"5":2,"6":2,"7":2,"8":2,"9":2,"10":2,"11":2,"12":2,"13":0,"14":0,"15":0,"16":0,"17":0,"18":2,"19":2,"20":2,"21":1,"22":0,"23":0,"24":1,"25":1,"26":1,"27":0,"28":0,"29":1,"30":1,"31":1,"32":2,"33":1,"34":1,"35":0,"36":0,"37":1,"38":0,"39":0,"40":1,"41":0,"42":0,"43":1,"44":0,"45":0,"46":0,"47":0,"48":0,"49":1},"f":{"0":2,"1":0,"2":0,"3":1,"4":2,"5":0,"6":0,"7":0,"8":0,"9":0},"b":{"0":[2],"1":[0,2],"2":[2,0],"3":[0,0],"4":[1],"5":[0,1]},"_coverageSchema":"43e27e138ebf9cfc5966b082cf9a028302ed4184","hash":"359d890ead59784841f05186cbad1d809ccd79e5"}
,"C:\\Users\\iyokoya\\slf-workspace\\hit-u-bad\\20_funtions\\app\\models\\bbsDateList.js": {"path":"C:\\Users\\iyokoya\\slf-workspace\\hit-u-bad\\20_funtions\\app\\models\\bbsDateList.js","statementMap":{"0":{"start":{"line":1,"column":17},"end":{"line":1,"column":54}},"1":{"start":{"line":2,"column":23},"end":{"line":2,"column":39}},"2":{"start":{"line":4,"column":10},"end":{"line":4,"column":12}},"3":{"start":{"line":6,"column":0},"end":{"line":15,"column":1}},"4":{"start":{"line":7,"column":15},"end":{"line":7,"column":84}},"5":{"start":{"line":9,"column":12},"end":{"line":9,"column":14}},"6":{"start":{"line":10,"column":2},"end":{"line":12,"column":4}},"7":{"start":{"line":11,"column":4},"end":{"line":11,"column":24}},"8":{"start":{"line":14,"column":2},"end":{"line":14,"column":12}},"9":{"start":{"line":17,"column":0},"end":{"line":30,"column":1}},"10":{"start":{"line":18,"column":24},"end":{"line":18,"column":70}},"11":{"start":{"line":19,"column":20},"end":{"line":19,"column":44}},"12":{"start":{"line":20,"column":2},"end":{"line":29,"column":3}},"13":{"start":{"line":21,"column":4},"end":{"line":23,"column":6}},"14":{"start":{"line":25,"column":4},"end":{"line":28,"column":6}},"15":{"start":{"line":32,"column":0},"end":{"line":38,"column":1}},"16":{"start":{"line":33,"column":23},"end":{"line":33,"column":69}},"17":{"start":{"line":34,"column":20},"end":{"line":34,"column":44}},"18":{"start":{"line":35,"column":2},"end":{"line":37,"column":4}},"19":{"start":{"line":40,"column":0},"end":{"line":40,"column":18}}},"fnMap":{"0":{"name":"(anonymous_0)","decl":{"start":{"line":6,"column":8},"end":{"line":6,"column":9}},"loc":{"start":{"line":6,"column":20},"end":{"line":15,"column":1}},"line":6},"1":{"name":"(anonymous_1)","decl":{"start":{"line":10,"column":15},"end":{"line":10,"column":16}},"loc":{"start":{"line":10,"column":24},"end":{"line":12,"column":3}},"line":10},"2":{"name":"(anonymous_2)","decl":{"start":{"line":17,"column":23},"end":{"line":17,"column":24}},"loc":{"start":{"line":17,"column":40},"end":{"line":30,"column":1}},"line":17},"3":{"name":"(anonymous_3)","decl":{"start":{"line":32,"column":23},"end":{"line":32,"column":24}},"loc":{"start":{"line":32,"column":40},"end":{"line":38,"column":1}},"line":32}},"branchMap":{"0":{"loc":{"start":{"line":20,"column":2},"end":{"line":29,"column":3}},"type":"if","locations":[{"start":{"line":20,"column":2},"end":{"line":29,"column":3}},{"start":{"line":20,"column":2},"end":{"line":29,"column":3}}],"line":20}},"s":{"0":1,"1":1,"2":1,"3":1,"4":0,"5":0,"6":0,"7":0,"8":0,"9":1,"10":0,"11":0,"12":0,"13":0,"14":0,"15":1,"16":0,"17":0,"18":0,"19":1},"f":{"0":0,"1":0,"2":0,"3":0},"b":{"0":[0,0]},"_coverageSchema":"43e27e138ebf9cfc5966b082cf9a028302ed4184","hash":"f170f35ba432d43a0c9edca6f0c5e37391a30f88"}
,"C:\\Users\\iyokoya\\slf-workspace\\hit-u-bad\\20_funtions\\app\\models\\bbsDelete.js": {"path":"C:\\Users\\iyokoya\\slf-workspace\\hit-u-bad\\20_funtions\\app\\models\\bbsDelete.js","statementMap":{"0":{"start":{"line":1,"column":17},"end":{"line":1,"column":54}},"1":{"start":{"line":2,"column":23},"end":{"line":2,"column":35}},"2":{"start":{"line":4,"column":14},"end":{"line":4,"column":16}},"3":{"start":{"line":6,"column":0},"end":{"line":9,"column":1}},"4":{"start":{"line":7,"column":2},"end":{"line":7,"column":53}},"5":{"start":{"line":8,"column":2},"end":{"line":8,"column":13}},"6":{"start":{"line":11,"column":0},"end":{"line":11,"column":22}}},"fnMap":{"0":{"name":"(anonymous_0)","decl":{"start":{"line":6,"column":15},"end":{"line":6,"column":16}},"loc":{"start":{"line":6,"column":31},"end":{"line":9,"column":1}},"line":6}},"branchMap":{},"s":{"0":1,"1":1,"2":1,"3":1,"4":0,"5":0,"6":1},"f":{"0":0},"b":{},"_coverageSchema":"43e27e138ebf9cfc5966b082cf9a028302ed4184","hash":"81ebbf10098bbfca8e15c81da39a91d32b2ac3d7"}
,"C:\\Users\\iyokoya\\slf-workspace\\hit-u-bad\\20_funtions\\app\\services\\index.js": {"path":"C:\\Users\\iyokoya\\slf-workspace\\hit-u-bad\\20_funtions\\app\\services\\index.js","statementMap":{"0":{"start":{"line":1,"column":14},"end":{"line":1,"column":39}},"1":{"start":{"line":2,"column":15},"end":{"line":2,"column":41}},"2":{"start":{"line":4,"column":23},"end":{"line":7,"column":1}},"3":{"start":{"line":9,"column":0},"end":{"line":12,"column":2}},"4":{"start":{"line":14,"column":17},"end":{"line":14,"column":19}},"5":{"start":{"line":16,"column":0},"end":{"line":16,"column":37}},"6":{"start":{"line":17,"column":0},"end":{"line":19,"column":2}},"7":{"start":{"line":21,"column":0},"end":{"line":21,"column":25}}},"fnMap":{},"branchMap":{"0":{"loc":{"start":{"line":6,"column":3},"end":{"line":6,"column":53}},"type":"cond-expr","locations":[{"start":{"line":6,"column":29},"end":{"line":6,"column":40}},{"start":{"line":6,"column":43},"end":{"line":6,"column":53}}],"line":6}},"s":{"0":1,"1":1,"2":1,"3":1,"4":1,"5":1,"6":1,"7":1},"f":{},"b":{"0":[0,1]},"_coverageSchema":"43e27e138ebf9cfc5966b082cf9a028302ed4184","hash":"0e214cb1579367e18c1c1613ea8a62d2382e4df6"}
}
