TN:
SF:C:\Users\iyokoya\slf-workspace\hit-u-bad\20_funtions\app\app.js
FN:10,(anonymous_0)
FNF:1
FNH:1
FNDA:1,(anonymous_0)
DA:1,1
DA:2,1
DA:3,1
DA:5,1
DA:7,1
DA:8,1
DA:10,1
DA:11,1
DA:12,1
DA:13,1
DA:14,1
DA:17,1
DA:19,1
LF:13
LH:13
BRF:0
BRH:0
end_of_record
TN:
SF:C:\Users\iyokoya\slf-workspace\hit-u-bad\20_funtions\app\router.js
FNF:0
FNH:0
DA:1,1
DA:2,1
DA:4,1
DA:6,1
DA:7,1
DA:8,1
DA:9,1
DA:10,1
DA:12,1
DA:13,1
DA:15,1
DA:16,1
DA:18,1
LF:13
LH:13
BRF:0
BRH:0
end_of_record
TN:
SF:C:\Users\iyokoya\slf-workspace\hit-u-bad\20_funtions\app\util.js
FN:3,(anonymous_0)
FN:7,(anonymous_1)
FN:11,(anonymous_2)
FN:20,(anonymous_3)
FNF:4
FNH:3
FNDA:4,(anonymous_0)
FNDA:16,(anonymous_1)
FNDA:4,(anonymous_2)
FNDA:0,(anonymous_3)
DA:1,1
DA:3,1
DA:4,4
DA:5,4
DA:7,1
DA:8,16
DA:11,1
DA:12,4
DA:13,4
DA:20,1
DA:21,0
DA:22,0
DA:25,1
LF:13
LH:11
BRF:0
BRH:0
end_of_record
TN:
SF:C:\Users\iyokoya\slf-workspace\hit-u-bad\20_funtions\app\config\index.js
FNF:0
FNH:0
DA:1,1
DA:3,1
DA:4,1
DA:8,1
DA:9,1
DA:10,0
DA:11,0
DA:14,1
LF:8
LH:6
BRDA:8,0,0,1
BRDA:8,0,1,0
BRDA:10,1,0,0
BRDA:10,1,1,0
BRF:4
BRH:1
end_of_record
TN:
SF:C:\Users\iyokoya\slf-workspace\hit-u-bad\20_funtions\app\controllers\bbsController.js
FN:7,(anonymous_0)
FN:28,(anonymous_1)
FN:36,(anonymous_2)
FN:52,(anonymous_3)
FN:68,(anonymous_4)
FN:86,(anonymous_5)
FN:103,(anonymous_6)
FN:116,(anonymous_7)
FN:132,(anonymous_8)
FNF:9
FNH:1
FNDA:0,(anonymous_0)
FNDA:0,(anonymous_1)
FNDA:0,(anonymous_2)
FNDA:0,(anonymous_3)
FNDA:0,(anonymous_4)
FNDA:0,(anonymous_5)
FNDA:1,(anonymous_6)
FNDA:0,(anonymous_7)
FNDA:0,(anonymous_8)
DA:1,1
DA:2,1
DA:3,1
DA:4,1
DA:5,1
DA:7,1
DA:8,0
DA:10,0
DA:11,0
DA:12,0
DA:13,0
DA:14,0
DA:15,0
DA:16,0
DA:17,0
DA:19,0
DA:20,0
DA:22,0
DA:28,1
DA:29,0
DA:31,0
DA:36,1
DA:37,0
DA:39,0
DA:40,0
DA:41,0
DA:42,0
DA:43,0
DA:44,0
DA:46,0
DA:47,0
DA:52,1
DA:53,0
DA:54,0
DA:56,0
DA:57,0
DA:58,0
DA:59,0
DA:60,0
DA:61,0
DA:62,0
DA:64,0
DA:68,1
DA:69,0
DA:71,0
DA:72,0
DA:73,0
DA:74,0
DA:75,0
DA:76,0
DA:78,0
DA:79,0
DA:80,0
DA:81,0
DA:83,0
DA:86,1
DA:87,0
DA:88,0
DA:89,0
DA:91,0
DA:92,0
DA:93,0
DA:94,0
DA:95,0
DA:97,0
DA:99,0
DA:103,1
DA:104,1
DA:106,1
DA:107,1
DA:108,1
DA:110,0
DA:113,1
DA:116,1
DA:117,0
DA:121,0
DA:122,0
DA:125,0
DA:126,0
DA:128,0
DA:129,0
DA:132,1
DA:133,0
DA:134,0
DA:137,1
LF:85
LH:20
BRDA:57,0,0,0
BRDA:57,0,1,0
BRDA:92,1,0,0
BRDA:92,1,1,0
BRDA:107,2,0,1
BRDA:107,2,1,0
BRDA:117,3,0,0
BRDA:117,3,1,0
BRDA:118,4,0,0
BRDA:118,4,1,0
BRF:10
BRH:1
end_of_record
TN:
SF:C:\Users\iyokoya\slf-workspace\hit-u-bad\20_funtions\app\models\bbs.js
FN:6,(anonymous_0)
FN:16,(anonymous_1)
FN:32,(anonymous_2)
FN:37,(anonymous_3)
FN:49,(anonymous_4)
FN:56,(anonymous_5)
FN:61,(anonymous_6)
FN:66,(anonymous_7)
FN:71,(anonymous_8)
FN:79,(anonymous_9)
FNF:10
FNH:3
FNDA:2,(anonymous_0)
FNDA:0,(anonymous_1)
FNDA:0,(anonymous_2)
FNDA:1,(anonymous_3)
FNDA:2,(anonymous_4)
FNDA:0,(anonymous_5)
FNDA:0,(anonymous_6)
FNDA:0,(anonymous_7)
FNDA:0,(anonymous_8)
FNDA:0,(anonymous_9)
DA:1,1
DA:2,1
DA:3,1
DA:5,1
DA:6,1
DA:7,2
DA:8,2
DA:9,2
DA:10,2
DA:11,2
DA:12,2
DA:13,2
DA:15,2
DA:16,0
DA:17,0
DA:18,0
DA:20,0
DA:21,0
DA:25,2
DA:26,2
DA:29,2
DA:32,1
DA:33,0
DA:34,0
DA:37,1
DA:38,1
DA:39,1
DA:40,0
DA:41,0
DA:44,1
DA:48,1
DA:49,1
DA:50,2
DA:53,1
DA:56,1
DA:57,0
DA:58,0
DA:61,1
DA:62,0
DA:63,0
DA:66,1
DA:67,0
DA:68,0
DA:71,1
DA:72,0
DA:78,0
DA:79,0
DA:80,0
DA:83,0
DA:86,1
LF:50
LH:30
BRDA:6,0,0,2
BRDA:15,1,0,0
BRDA:15,1,1,2
BRDA:15,2,0,2
BRDA:15,2,1,0
BRDA:17,3,0,0
BRDA:17,3,1,0
BRDA:37,4,0,1
BRDA:39,5,0,0
BRDA:39,5,1,1
BRF:10
BRH:5
end_of_record
TN:
SF:C:\Users\iyokoya\slf-workspace\hit-u-bad\20_funtions\app\models\bbsDateList.js
FN:6,(anonymous_0)
FN:10,(anonymous_1)
FN:17,(anonymous_2)
FN:32,(anonymous_3)
FNF:4
FNH:0
FNDA:0,(anonymous_0)
FNDA:0,(anonymous_1)
FNDA:0,(anonymous_2)
FNDA:0,(anonymous_3)
DA:1,1
DA:2,1
DA:4,1
DA:6,1
DA:7,0
DA:9,0
DA:10,0
DA:11,0
DA:14,0
DA:17,1
DA:18,0
DA:19,0
DA:20,0
DA:21,0
DA:25,0
DA:32,1
DA:33,0
DA:34,0
DA:35,0
DA:40,1
LF:20
LH:7
BRDA:20,0,0,0
BRDA:20,0,1,0
BRF:2
BRH:0
end_of_record
TN:
SF:C:\Users\iyokoya\slf-workspace\hit-u-bad\20_funtions\app\models\bbsDelete.js
FN:6,(anonymous_0)
FNF:1
FNH:0
FNDA:0,(anonymous_0)
DA:1,1
DA:2,1
DA:4,1
DA:6,1
DA:7,0
DA:8,0
DA:11,1
LF:7
LH:5
BRF:0
BRH:0
end_of_record
TN:
SF:C:\Users\iyokoya\slf-workspace\hit-u-bad\20_funtions\app\services\index.js
FNF:0
FNH:0
DA:1,1
DA:2,1
DA:4,1
DA:9,1
DA:14,1
DA:16,1
DA:17,1
DA:21,1
LF:8
LH:8
BRDA:6,0,0,0
BRDA:6,0,1,1
BRF:2
BRH:1
end_of_record
